0 info it worked if it ends with ok
1 verbose cli [ 'e:\\nodejs\\node.exe',
1 verbose cli   'C:\\Users\\Administrator\\AppData\\Roaming\\npm\\node_modules\\npm\\bin\\npm-cli.js',
1 verbose cli   'install',
1 verbose cli   '-g',
1 verbose cli   'n' ]
2 info using npm@3.10.9
3 info using node@v6.1.0
4 silly loadCurrentTree Starting
5 silly install loadCurrentTree
6 silly install readGlobalPackageData
7 silly fetchPackageMetaData n
8 silly fetchNamedPackageData n
9 silly mapToRegistry name n
10 silly mapToRegistry using default registry
11 silly mapToRegistry registry http://registry.cnpmjs.org/
12 silly mapToRegistry data Result {
12 silly mapToRegistry   raw: 'n',
12 silly mapToRegistry   scope: null,
12 silly mapToRegistry   escapedName: 'n',
12 silly mapToRegistry   name: 'n',
12 silly mapToRegistry   rawSpec: '',
12 silly mapToRegistry   spec: 'latest',
12 silly mapToRegistry   type: 'tag' }
13 silly mapToRegistry uri http://registry.cnpmjs.org/n
14 verbose request uri http://registry.cnpmjs.org/n
15 verbose request no auth needed
16 info attempt registry request try #1 at 12:00:02
17 verbose request id 45e6690e39ade49a
18 http request GET http://registry.cnpmjs.org/n
19 http 200 http://registry.cnpmjs.org/n
20 verbose headers { server: 'nginx/1.4.6 (Ubuntu)',
20 verbose headers   date: 'Wed, 09 Nov 2016 04:05:24 GMT',
20 verbose headers   'content-type': 'application/json; charset=utf-8',
20 verbose headers   'transfer-encoding': 'chunked',
20 verbose headers   connection: 'keep-alive',
20 verbose headers   'x-current-requests': '1',
20 verbose headers   'x-readtime': '41',
20 verbose headers   'strict-transport-security': 'max-age=15768000',
20 verbose headers   'content-encoding': 'gzip' }
21 silly get cb [ 200,
21 silly get   { server: 'nginx/1.4.6 (Ubuntu)',
21 silly get     date: 'Wed, 09 Nov 2016 04:05:24 GMT',
21 silly get     'content-type': 'application/json; charset=utf-8',
21 silly get     'transfer-encoding': 'chunked',
21 silly get     connection: 'keep-alive',
21 silly get     'x-current-requests': '1',
21 silly get     'x-readtime': '41',
21 silly get     'strict-transport-security': 'max-age=15768000',
21 silly get     'content-encoding': 'gzip' } ]
22 verbose get saving n to C:\Users\Administrator\AppData\Roaming\npm-cache\registry.cnpmjs.org\n\.cache.json
23 verbose correctMkdir C:\Users\Administrator\AppData\Roaming\npm-cache correctMkdir not in flight; initializing
24 silly install normalizeTree
25 silly loadCurrentTree Finishing
26 silly loadIdealTree Starting
27 silly install loadIdealTree
28 silly cloneCurrentTree Starting
29 silly install cloneCurrentTreeToIdealTree
30 silly cloneCurrentTree Finishing
31 silly loadShrinkwrap Starting
32 silly install loadShrinkwrap
33 silly loadShrinkwrap Finishing
34 silly loadAllDepsIntoIdealTree Starting
35 silly install loadAllDepsIntoIdealTree
36 silly rollbackFailedOptional Starting
37 silly rollbackFailedOptional Finishing
38 silly runTopLevelLifecycles Finishing
39 silly install printInstalled
40 verbose stack Error: Unsupported platform for n@2.1.4: wanted {"name":"n","description":"Interactively Manage All Your Node Versions","version":"2.1.4","author":{"name":"TJ Holowaychuk","email":"tj@vision-media.ca"},"homepage":"https://github.com/tj/n","bugs":{"url":"https://github.com/tj/n/issues"},"contributors":[{"name":"Travis Webb","email":"me@traviswebb.com","url":"tjw.io"},{"name":"Nimit Kalra","email":"me@nimit.io","url":"http://nimit.io"},{"name":"Troy Connor","email":"troy0820@gmail.com","url":"https://github.com/troy0820"}],"keywords":["nvm","node","version","manager","switcher","node","binary","env"],"bin":{"n":"./bin/n"},"repository":{"type":"git","url":"git://github.com/tj/n.git"},"preferGlobal":true,"os":["!win32"],"engines":{"node":"*"},"license":"MIT","gitHead":"ff9ba303d972069903c0f951ece43f47adce24e8","_id":"n@2.1.4","scripts":{},"_shasum":"7546bc467a120cc96718f2716cd86c43290f94c5","_from":"n","_npmVersion":"3.10.3","_nodeVersion":"6.3.1","_npmUser":{"name":"qw3rtman","email":"me@nimit.io"},"dist":{"shasum":"7546bc467a120cc96718f2716cd86c43290f94c5","size":8353,"noattachment":false,"tarball":"http://r.cnpmjs.org/n/download/n-2.1.4.tgz"},"maintainers":[{"name":"bat","email":"ben@benatkin.com"},{"name":"qw3rtman","email":"nimit@nimitkalra.com"},{"name":"tedgaydos","email":"tedgaydos@gmail.com"},{"name":"tjholowaychuk","email":"tj@vision-media.ca"},{"name":"tjwebb","email":"me@traviswebb.com"},{"name":"troy0820","email":"troy.connor@yahoo.com"}],"_npmOperationalInternal":{"host":"packages-16-east.internal.npmjs.com","tmp":"tmp/n-2.1.4.tgz_1470600124670_0.21058935346081853"},"directories":{},"publish_time":1470600126732,"_cnpm_publish_time":1470600126732,"_resolved":"http://r.cnpmjs.org/n/download/n-2.1.4.tgz","_requested":{"raw":"n","scope":null,"escapedName":"n","name":"n","rawSpec":"","spec":"latest","type":"tag"},"_spec":"n","_where":"f:\\code\\myBlog\\blog","_args":[[{"raw":"n","scope":null,"escapedName":"n","name":"n","rawSpec":"","spec":"latest","type":"tag"},"f:\\code\\myBlog\\blog"]],"readme":"ERROR: No README data found!"} (current: {"os":"win32","cpu":"x64"})
40 verbose stack     at checkPlatform (C:\Users\Administrator\AppData\Roaming\npm\node_modules\npm\node_modules\npm-install-checks\index.js:45:14)
40 verbose stack     at thenWarnEngineIssues (C:\Users\Administrator\AppData\Roaming\npm\node_modules\npm\lib\install\validate-args.js:41:5)
40 verbose stack     at C:\Users\Administrator\AppData\Roaming\npm\node_modules\npm\node_modules\iferr\index.js:13:50
40 verbose stack     at checkEngine (C:\Users\Administrator\AppData\Roaming\npm\node_modules\npm\node_modules\npm-install-checks\index.js:24:10)
40 verbose stack     at module.exports.isInstallable (C:\Users\Administrator\AppData\Roaming\npm\node_modules\npm\lib\install\validate-args.js:38:3)
40 verbose stack     at Array.<anonymous> (C:\Users\Administrator\AppData\Roaming\npm\node_modules\npm\node_modules\slide\lib\bind-actor.js:15:8)
40 verbose stack     at LOOP (C:\Users\Administrator\AppData\Roaming\npm\node_modules\npm\node_modules\slide\lib\chain.js:15:14)
40 verbose stack     at C:\Users\Administrator\AppData\Roaming\npm\node_modules\npm\node_modules\slide\lib\chain.js:18:7
40 verbose stack     at checkSelf (C:\Users\Administrator\AppData\Roaming\npm\node_modules\npm\lib\install\validate-args.js:46:72)
40 verbose stack     at Array.<anonymous> (C:\Users\Administrator\AppData\Roaming\npm\node_modules\npm\node_modules\slide\lib\bind-actor.js:15:8)
41 verbose pkgid n@2.1.4
42 verbose cwd f:\code\myBlog\blog
43 error Windows_NT 6.1.7601
44 error argv "e:\\nodejs\\node.exe" "C:\\Users\\Administrator\\AppData\\Roaming\\npm\\node_modules\\npm\\bin\\npm-cli.js" "install" "-g" "n"
45 error node v6.1.0
46 error npm  v3.10.9
47 error code EBADPLATFORM
48 error notsup Unsupported platform for n@2.1.4: wanted {"os":"!win32","arch":"any"} (current: {"os":"win32","arch":"x64"})
49 error notsup Valid OS:    !win32
49 error notsup Valid Arch:  any
49 error notsup Actual OS:   win32
49 error notsup Actual Arch: x64
50 verbose exit [ 1, true ]
